[    0.000000] Initializing cgroup subsys cpuset
[    0.000000] Initializing cgroup subsys cpu
[    0.000000] Initializing cgroup subsys cpuacct
[    0.000000] Linux version 4.4.0-96-generic (buildd@lgw01-10) (gcc version 5.4.0 20160609 (Ubuntu 5.4.0-6ubuntu1~16.04.4) ) #119-Ubuntu SMP Tue Sep 12 14:59:54 UTC 2017 (Ubuntu 4.4.0-96.119-generic 4.4.83)
[    0.000000] Command line: BOOT_IMAGE=/boot/vmlinuz-4.4.0-96-generic root=LABEL=cloudimg-rootfs ro console=tty1 console=ttyS0
[    0.000000] KERNEL supported cpus:
[    0.000000]   Intel GenuineIntel
[    0.000000]   AMD AuthenticAMD
[    0.000000]   Centaur CentaurHauls
[    0.000000] ------------[ cut here ]------------
[    0.000000] WARNING: CPU: 0 PID: 0 at /build/linux-z2ccW0/linux-4.4.0/arch/x86/kernel/fpu/xstate.c:517 fpu__init_system_xstate+0x38b/0x75a()
[    0.000000] XSAVE consistency problem, dumping leaves
[    0.000000] Modules linked in:
[    0.000000] CPU: 0 PID: 0 Comm: swapper Not tainted 4.4.0-96-generic #119-Ubuntu
[    0.000000]  0000000000000086 76472e2d874e7cac ffffffff81e03d80 ffffffff813fabd3
[    0.000000]  ffffffff81e03dc8 ffffffff81caa650 ffffffff81e03db8 ffffffff810812e2
[    0.000000]  ffffffff81e03e48 ffffffff81e03e4c 0000000000000008 0000000000000100
[    0.000000] Call Trace:
[    0.000000]  [<ffffffff813fabd3>] dump_stack+0x63/0x90
[    0.000000]  [<ffffffff810812e2>] warn_slowpath_common+0x82/0xc0
[    0.000000]  [<ffffffff8108137c>] warn_slowpath_fmt+0x5c/0x80
[    0.000000]  [<ffffffff8107cff0>] ? xfeature_size+0x59/0x77
[    0.000000]  [<ffffffff81f6e20b>] fpu__init_system_xstate+0x38b/0x75a
[    0.000000]  [<ffffffff81f5e120>] ? early_idt_handler_array+0x120/0x120
[    0.000000]  [<ffffffff81f6db76>] fpu__init_system+0x10d/0x245
[    0.000000]  [<ffffffff81f6ec7f>] early_cpu_init+0x139/0x13e
[    0.000000]  [<ffffffff81f6ec7f>] ? early_cpu_init+0x139/0x13e
[    0.000000]  [<ffffffff81f6a181>] setup_arch+0xb4/0xcf6
[    0.000000]  [<ffffffff81f5e120>] ? early_idt_handler_array+0x120/0x120
[    0.000000]  [<ffffffff81f5ec74>] start_kernel+0xe4/0x4a2
[    0.000000]  [<ffffffff81f5e120>] ? early_idt_handler_array+0x120/0x120
[    0.000000]  [<ffffffff81f5e339>] x86_64_start_reservations+0x2a/0x2c
[    0.000000]  [<ffffffff81f5e485>] x86_64_start_kernel+0x14a/0x16d
[    0.000000] ---[ end trace 4d5ff9f2f68c4233 ]---
[    0.000000] CPUID[0d, 00]: eax=00000007 ebx=00000440 ecx=00000440 edx=00000000
[    0.000000] CPUID[0d, 01]: eax=00000000 ebx=000003c0 ecx=00000000 edx=00000000
[    0.000000] CPUID[0d, 02]: eax=00000100 ebx=00000240 ecx=00000000 edx=00000000
[    0.000000] CPUID[0d, 03]: eax=00000000 ebx=00000000 ecx=00000000 edx=00000000
[    0.000000] CPUID[0d, 04]: eax=00000000 ebx=00000000 ecx=00000000 edx=00000000
[    0.000000] CPUID[0d, 05]: eax=00000000 ebx=00000000 ecx=00000000 edx=00000000
[    0.000000] CPUID[0d, 06]: eax=00000000 ebx=00000000 ecx=00000000 edx=00000000
[    0.000000] CPUID[0d, 07]: eax=00000000 ebx=00000000 ecx=00000000 edx=00000000
[    0.000000] CPUID[0d, 08]: eax=00000000 ebx=00000000 ecx=00000000 edx=00000000
[    0.000000] CPUID[0d, 09]: eax=00000000 ebx=00000000 ecx=00000000 edx=00000000
[    0.000000] CPUID[0d, 0a]: eax=00000000 ebx=00000000 ecx=00000000 edx=00000000
[    0.000000] CPUID[0d, 0b]: eax=00000000 ebx=00000000 ecx=00000000 edx=00000000
[    0.000000] CPUID[0d, 0c]: eax=00000000 ebx=00000000 ecx=00000000 edx=00000000
[    0.000000] CPUID[0d, 0d]: eax=00000000 ebx=00000000 ecx=00000000 edx=00000000
[    0.000000] CPUID[0d, 0e]: eax=00000000 ebx=00000000 ecx=00000000 edx=00000000
[    0.000000] CPUID[0d, 0f]: eax=00000000 ebx=00000000 ecx=00000000 edx=00000000
[    0.000000] CPUID[0d, 10]: eax=00000000 ebx=00000000 ecx=00000000 edx=00000000
[    0.000000] CPUID[0d, 11]: eax=00000000 ebx=00000000 ecx=00000000 edx=00000000
[    0.000000] x86/fpu: xstate_offset[2]:  576, xstate_sizes[2]:  256
[    0.000000] x86/fpu: Supporting XSAVE feature 0x01: 'x87 floating point registers'
[    0.000000] x86/fpu: Supporting XSAVE feature 0x02: 'SSE registers'
[    0.000000] x86/fpu: Supporting XSAVE feature 0x04: 'AVX registers'
[    0.000000] x86/fpu: Enabled xstate features 0x7, context size is 1088 bytes, using 'standard' format.
[    0.000000] x86/fpu: Using 'lazy' FPU context switches.
[    0.000000] e820: BIOS-provided physical RAM map:
[    0.000000] BIOS-e820: [mem 0x0000000000000000-0x000000000009fbff] usable
[    0.000000] BIOS-e820: [mem 0x000000000009fc00-0x000000000009ffff] reserved
[    0.000000] BIOS-e820: [mem 0x00000000000f0000-0x00000000000fffff] reserved
[    0.000000] BIOS-e820: [mem 0x0000000000100000-0x000000001ffeffff] usable
[    0.000000] BIOS-e820: [mem 0x000000001fff0000-0x000000001fffffff] ACPI data
[    0.000000] BIOS-e820: [mem 0x00000000fec00000-0x00000000fec00fff] reserved
[    0.000000] BIOS-e820: [mem 0x00000000fee00000-0x00000000fee00fff] reserved
[    0.000000] BIOS-e820: [mem 0x00000000fffc0000-0x00000000ffffffff] reserved
[    0.000000] NX (Execute Disable) protection: active
[    0.000000] SMBIOS 2.5 present.
[    0.000000] Hypervisor detected: KVM
[    0.000000] e820: last_pfn = 0x1fff0 max_arch_pfn = 0x400000000
[    0.000000] MTRR: Disabled
[    0.000000] x86/PAT: MTRRs disabled, skipping PAT initialization too.
[    0.000000] CPU MTRRs all blank - virtualized system.
[    0.000000] x86/PAT: Configuration [0-7]: WB  WT  UC- UC  WB  WT  UC- UC  
[    0.000000] found SMP MP-table at [mem 0x0009fff0-0x0009ffff] mapped at [ffff88000009fff0]
[    0.000000] Scanning 1 areas for low memory corruption
[    0.000000] RAMDISK: [mem 0x1ed6e000-0x1f7f9fff]
[    0.000000] ACPI: Early table checksum verification disabled
[    0.000000] ACPI: RSDP 0x00000000000E0000 000024 (v02 VBOX  )
[    0.000000] ACPI: XSDT 0x000000001FFF0030 00003C (v01 VBOX   VBOXXSDT 00000001 ASL  00000061)
[    0.000000] ACPI: FACP 0x000000001FFF00F0 0000F4 (v04 VBOX   VBOXFACP 00000001 ASL  00000061)
[    0.000000] ACPI: DSDT 0x000000001FFF0470 0021FF (v02 VBOX   VBOXBIOS 00000002 INTL 20160108)
[    0.000000] ACPI: FACS 0x000000001FFF0200 000040
[    0.000000] ACPI: FACS 0x000000001FFF0200 000040
[    0.000000] ACPI: APIC 0x000000001FFF0240 00005C (v02 VBOX   VBOXAPIC 00000001 ASL  00000061)
[    0.000000] ACPI: SSDT 0x000000001FFF02A0 0001CC (v01 VBOX   VBOXCPUT 00000002 INTL 20160108)
[    0.000000] No NUMA configuration found
[    0.000000] Faking a node at [mem 0x0000000000000000-0x000000001ffeffff]
[    0.000000] NODE_DATA(0) allocated [mem 0x1ffeb000-0x1ffeffff]
[    0.000000] kvm-clock: Using msrs 4b564d01 and 4b564d00
[    0.000000] kvm-clock: cpu 0, msr 0:1ffe3001, primary cpu clock
[    0.000000] kvm-clock: using sched offset of 2985396163 cycles
[    0.000000] clocksource: kvm-clock: mask: 0xffffffffffffffff max_cycles: 0x1cd42e4dffb, max_idle_ns: 881590591483 ns
[    0.000000] Zone ranges:
[    0.000000]   DMA      [mem 0x0000000000001000-0x0000000000ffffff]
[    0.000000]   DMA32    [mem 0x0000000001000000-0x000000001ffeffff]
[    0.000000]   Normal   empty
[    0.000000]   Device   empty
[    0.000000] Movable zone start for each node
[    0.000000] Early memory node ranges
[    0.000000]   node   0: [mem 0x0000000000001000-0x000000000009efff]
[    0.000000]   node   0: [mem 0x0000000000100000-0x000000001ffeffff]
[    0.000000] Initmem setup node 0 [mem 0x0000000000001000-0x000000001ffeffff]
[    0.000000] ACPI: PM-Timer IO Port: 0x4008
[    0.000000] IOAPIC[0]: apic_id 2, version 32, address 0xfec00000, GSI 0-23
[    0.000000] ACPI: INT_SRC_OVR (bus 0 bus_irq 0 global_irq 2 dfl dfl)
[    0.000000] ACPI: INT_SRC_OVR (bus 0 bus_irq 9 global_irq 9 high level)
[    0.000000] Using ACPI (MADT) for SMP configuration information
[    0.000000] smpboot: Allowing 2 CPUs, 0 hotplug CPUs
[    0.000000] PM: Registered nosave memory: [mem 0x00000000-0x00000fff]
[    0.000000] PM: Registered nosave memory: [mem 0x0009f000-0x0009ffff]
[    0.000000] PM: Registered nosave memory: [mem 0x000a0000-0x000effff]
[    0.000000] PM: Registered nosave memory: [mem 0x000f0000-0x000fffff]
[    0.000000] e820: [mem 0x20000000-0xfebfffff] available for PCI devices
[    0.000000] Booting paravirtualized kernel on KVM
[    0.000000] clocksource: refined-jiffies: mask: 0xffffffff max_cycles: 0xffffffff, max_idle_ns: 7645519600211568 ns
[    0.000000] setup_percpu: NR_CPUS:512 nr_cpumask_bits:512 nr_cpu_ids:2 nr_node_ids:1
[    0.000000] PERCPU: Embedded 34 pages/cpu @ffff88001fc00000 s98328 r8192 d32744 u1048576
[    0.000000] PV qspinlock hash table entries: 256 (order: 0, 4096 bytes)
[    0.000000] Built 1 zonelists in Node order, mobility grouping on.  Total pages: 128889
[    0.000000] Policy zone: DMA32
[    0.000000] Kernel command line: BOOT_IMAGE=/boot/vmlinuz-4.4.0-96-generic root=LABEL=cloudimg-rootfs ro console=tty1 console=ttyS0
[    0.000000] PID hash table entries: 2048 (order: 2, 16384 bytes)
[    0.000000] Memory: 485684K/523832K available (8479K kernel code, 1294K rwdata, 3984K rodata, 1492K init, 1316K bss, 38148K reserved, 0K cma-reserved)
[    0.000000] SLUB: HWalign=64, Order=0-3, MinObjects=0, CPUs=2, Nodes=1
[    0.000000] Hierarchical RCU implementation.
[    0.000000] 	Build-time adjustment of leaf fanout to 64.
[    0.000000] 	RCU restricting CPUs from NR_CPUS=512 to nr_cpu_ids=2.
[    0.000000] RCU: Adjusting geometry for rcu_fanout_leaf=64, nr_cpu_ids=2
[    0.000000] NR_IRQS:33024 nr_irqs:440 16
[    0.000000] Console: colour VGA+ 80x25
[    0.000000] console [tty1] enabled
[    0.000000] console [ttyS0] enabled
[    0.000000] tsc: Detected 2399.972 MHz processor
[   22.387380] Calibrating delay loop (skipped) preset value.. 4799.94 BogoMIPS (lpj=9599888)
[   22.620770] pid_max: default: 32768 minimum: 301
[   22.746051] ACPI: Core revision 20150930
[   22.863870] ACPI: 2 ACPI AML tables successfully acquired and loaded
[   23.018613] Security Framework initialized
[   23.145308] Yama: becoming mindful.
[   23.222570] AppArmor: AppArmor initialized
[   23.341012] Dentry cache hash table entries: 65536 (order: 7, 524288 bytes)
[   23.510566] Inode-cache hash table entries: 32768 (order: 6, 262144 bytes)
[   23.684987] Mount-cache hash table entries: 1024 (order: 1, 8192 bytes)
[   23.834804] Mountpoint-cache hash table entries: 1024 (order: 1, 8192 bytes)
[   24.028787] Initializing cgroup subsys io
[   24.131274] Initializing cgroup subsys memory
[   24.255856] Initializing cgroup subsys devices
[   24.372958] Initializing cgroup subsys freezer
[   24.495106] Initializing cgroup subsys net_cls
[   24.596305] Initializing cgroup subsys perf_event
[   24.711785] Initializing cgroup subsys net_prio
[   24.848283] Initializing cgroup subsys hugetlb
[   24.968834] Initializing cgroup subsys pids
[   25.073834] CPU: Physical Processor ID: 0
[   25.169979] CPU: Processor Core ID: 0
[   25.277351] mce: CPU supports 0 MCE banks
[   25.387037] Last level iTLB entries: 4KB 64, 2MB 8, 4MB 8
[   25.529279] Last level dTLB entries: 4KB 64, 2MB 0, 4MB 0, 1GB 4
[   25.657517] Freeing SMP alternatives memory: 32K
[   25.796861] ftrace: allocating 32146 entries in 126 pages
[   25.994706] smpboot: APIC(0) Converting physical 0 to logical package 0
[   26.181489] smpboot: Max logical packages: 1
[   26.306527] x2apic enabled
[   26.379510] Switched APIC routing to physical x2apic.
[   26.510321] ..TIMER: vector=0x30 apic1=0 pin1=2 apic2=-1 pin2=-1
[   26.767675] smpboot: CPU0: Intel(R) Core(TM) i5-6200U CPU @ 2.30GHz (family: 0x6, model: 0x4e, stepping: 0x3)
[   26.999656] Performance Events: unsupported p6 CPU model 78 no PMU driver, software events only.
[   27.228534] KVM setup paravirtual spinlock
[   27.321477] x86: Booting SMP configuration:
[   27.406320] .... node  #0, CPUs:      #1
[   27.496798] kvm-clock: cpu 1, msr 0:1ffe3041, secondary cpu clock
[   27.729362] mce: CPU supports 0 MCE banks
[   27.739378] x86: Booted up 1 node, 2 CPUs
[   27.741552] smpboot: Total of 2 processors activated (9599.88 BogoMIPS)
[   27.745805] devtmpfs: initialized
[   27.819325] evm: security.selinux
[   27.894890] evm: security.SMACK64
[   27.967316] evm: security.SMACK64EXEC
[   28.051531] evm: security.SMACK64TRANSMUTE
[   28.175820] evm: security.SMACK64MMAP
[   28.282062] evm: security.ima
[   28.364398] evm: security.capability
[   28.466758] clocksource: jiffies: mask: 0xffffffff max_cycles: 0xffffffff, max_idle_ns: 7645041785100000 ns
[   28.949873] futex hash table entries: 512 (order: 3, 32768 bytes)
[   29.249630] pinctrl core: initialized pinctrl subsystem
[   29.550760] RTC time: 10:13:05, date: 09/29/17
[   29.802624] NET: Registered protocol family 16
[   30.070919] cpuidle: using governor ladder
[   30.318512] cpuidle: using governor menu
[   30.535719] PCCT header not found.
[   30.759398] ACPI: bus type PCI registered
[   31.018230] acpiphp: ACPI Hot Plug PCI Controller Driver version: 0.5
[   31.407287] PCI: Using configuration type 1 for base access
[   31.763237] ACPI: Added _OSI(Module Device)
[   32.029395] ACPI: Added _OSI(Processor Device)
[   32.239374] ACPI: Added _OSI(3.0 _SCP Extensions)
[   32.565887] ACPI: Added _OSI(Processor Aggregator Device)
[   32.950191] ACPI: Executed 1 blocks of module-level executable AML code
[   33.153207] ACPI: Interpreter enabled
[   33.243284] ACPI: (supports S0 S5)
[   33.323602] ACPI: Using IOAPIC for interrupt routing
[   33.447618] PCI: Using host bridge windows from ACPI; if necessary, use "pci=nocrs" and report a bug
[   33.730440] ACPI: PCI Root Bridge [PCI0] (domain 0000 [bus 00-ff])
[   33.913095] acpi PNP0A03:00: _OSC: OS supports [ASPM ClockPM Segments MSI]
[   34.107932] acpi PNP0A03:00: _OSC: not requesting OS control; OS requires [ExtendedConfig ASPM ClockPM MSI]
[   34.388640] acpi PNP0A03:00: fail to add MMCONFIG information, can't access extended PCI configuration space under this bridge.
[   34.741046] PCI host bridge to bus 0000:00
[   34.862956] pci_bus 0000:00: root bus resource [io  0x0000-0x0cf7 window]
[   35.061276] pci_bus 0000:00: root bus resource [io  0x0d00-0xffff window]
[   35.243758] pci_bus 0000:00: root bus resource [mem 0x000a0000-0x000bffff window]
[   35.436468] pci_bus 0000:00: root bus resource [mem 0x20000000-0xffdfffff window]
[   35.647651] pci_bus 0000:00: root bus resource [bus 00-ff]
[   35.770759] pci 0000:00:01.1: legacy IDE quirk: reg 0x10: [io  0x01f0-0x01f7]
[   35.938501] pci 0000:00:01.1: legacy IDE quirk: reg 0x14: [io  0x03f6]
[   36.134764] pci 0000:00:01.1: legacy IDE quirk: reg 0x18: [io  0x0170-0x0177]
[   36.338719] pci 0000:00:01.1: legacy IDE quirk: reg 0x1c: [io  0x0376]
[   36.462214] pci 0000:00:07.0: quirk: [io  0x4000-0x403f] claimed by PIIX4 ACPI
[   36.667688] pci 0000:00:07.0: quirk: [io  0x4100-0x410f] claimed by PIIX4 SMB
[   36.839979] ACPI: PCI Interrupt Link [LNKA] (IRQs 5 9 10 *11)
[   36.965839] ACPI: PCI Interrupt Link [LNKB] (IRQs 5 9 10 *11)
[   37.087197] ACPI: PCI Interrupt Link [LNKC] (IRQs 5 9 *10 11)
[   37.214054] ACPI: PCI Interrupt Link [LNKD] (IRQs 5 *9 10 11)
[   37.357760] ACPI: Enabled 2 GPEs in block 00 to 07
[   37.485912] vgaarb: setting as boot device: PCI:0000:00:02.0
[   37.491879] vgaarb: device added: PCI:0000:00:02.0,decodes=io+mem,owns=io+mem,locks=none
[   37.932910] vgaarb: loaded
[   38.099320] vgaarb: bridge control possible 0000:00:02.0
[   38.426419] SCSI subsystem initialized
[   38.667039] ACPI: bus type USB registered
[   38.869164] usbcore: registered new interface driver usbfs
[   39.047664] usbcore: registered new interface driver hub
[   39.051319] usbcore: registered new device driver usb
[   39.054448] PCI: Using ACPI for IRQ routing
[   39.057204] NetLabel: Initializing
[   39.256936] NetLabel:  domain hash size = 128
[   39.499517] NetLabel:  protocols = UNLABELED CIPSOv4
[   39.789392] NetLabel:  unlabeled traffic allowed by default
[   40.116629] amd_nb: Cannot enumerate AMD northbridges
[   40.417878] clocksource: Switched to clocksource kvm-clock
[   40.736762] AppArmor: AppArmor Filesystem Enabled
[   41.179484] pnp: PnP ACPI init
[   41.450098] pnp: PnP ACPI: found 3 devices
[   41.826060] clocksource: acpi_pm: mask: 0xffffff max_cycles: 0xffffff, max_idle_ns: 2085701024 ns
[   42.680069] NET: Registered protocol family 2
[   42.989513] TCP established hash table entries: 4096 (order: 3, 32768 bytes)
[   43.579522] TCP bind hash table entries: 4096 (order: 4, 65536 bytes)
[   44.179456] TCP: Hash tables configured (established 4096 bind 4096)
[   44.826239] UDP hash table entries: 256 (order: 1, 8192 bytes)
[   45.349380] UDP-Lite hash table entries: 256 (order: 1, 8192 bytes)
[   45.826242] NET: Registered protocol family 1
[   46.237488] pci 0000:00:00.0: Limiting direct PCI/PCI transfers
[   46.759465] pci 0000:00:01.0: Activating ISA DMA hang workarounds
[   47.339546] Unpacking initramfs...
[   49.651512] Freeing initrd memory: 10800K
[   49.869575] platform rtc_cmos: registered platform RTC device (no PNP device found)
[   50.634564] Scanning for low memory corruption every 60 seconds
[   51.279454] tsc: Refined TSC clocksource calibration: 2396.800 MHz
[   51.814227] clocksource: tsc: mask: 0xffffffffffffffff max_cycles: 0x228c687a1da, max_idle_ns: 440795253121 ns
[   52.750348] audit: initializing netlink subsys (disabled)
[   52.904671] audit: type=2000 audit(1506679981.033:1): initialized
[   53.084472] Initialise system trusted keyring
[   53.199744] HugeTLB registered 2 MB page size, pre-allocated 0 pages
[   53.389824] zbud: loaded
[   53.470594] VFS: Disk quotas dquot_6.6.0
[   53.576728] VFS: Dquot-cache hash table entries: 512 (order 0, 4096 bytes)
[   53.779024] squashfs: version 4.0 (2009/01/31) Phillip Lougher
[   53.936162] fuse init (API version 7.23)
[   54.040859] Key type big_key registered
[   54.151861] Allocating IMA MOK and blacklist keyrings.
[   54.294904] Key type asymmetric registered
[   54.411729] Asymmetric key parser 'x509' registered
[   54.551913] Block layer SCSI generic (bsg) driver version 0.4 loaded (major 249)
[   54.747611] io scheduler noop registered
[   54.864188] io scheduler deadline registered (default)
[   55.002758] io scheduler cfq registered
[   55.118029] pci_hotplug: PCI Hot Plug PCI Core version: 0.5
[   55.279844] pciehp: PCI Express Hot Plug Controller Driver version: 0.4
[   55.463707] ACPI: AC Adapter [AC] (on-line)
[   55.591649] input: Power Button as /devices/LNXSYSTM:00/LNXPWRBN:00/input/input0
[   55.813784] ACPI: Power Button [PWRF]
[   55.921686] input: Sleep Button as /devices/LNXSYSTM:00/LNXSLPBN:00/input/input1
[   56.126296] ACPI: Sleep Button [SLPF]
[   56.234024] GHES: HEST is not enabled!
[   56.333560] Serial: 8250/16550 driver, 32 ports, IRQ sharing enabled
[   56.334103] ACPI: Battery Slot [BAT0] (battery present)
[   56.683756] 00:02: ttyS0 at I/O 0x3f8 (irq = 4, base_baud = 115200) is a 16550A
[   56.889490] Linux agpgart interface v0.103
[   57.012836] loop: module loaded
[   57.105582] scsi host0: ata_piix
[   57.193897] scsi host1: ata_piix
[   57.289559] ata1: PATA max UDMA/33 cmd 0x1f0 ctl 0x3f6 bmdma 0xd000 irq 14
[   57.475171] ata2: PATA max UDMA/33 cmd 0x170 ctl 0x376 bmdma 0xd008 irq 15
[   57.666633] libphy: Fixed MDIO Bus: probed
[   57.777920] tun: Universal TUN/TAP device driver, 1.6
[   57.927567] tun: (C) 1999-2004 Max Krasnyansky <maxk@qualcomm.com>
[   58.103553] PPP generic driver version 2.4.2
[   58.150111] ehci_hcd: USB 2.0 'Enhanced' Host Controller (EHCI) Driver
[   58.194464] ehci-pci: EHCI PCI platform driver
[   58.196442] ehci-platform: EHCI generic platform driver
[   58.198722] ohci_hcd: USB 1.1 'Open' Host Controller (OHCI) Driver
[   58.201085] ohci-pci: OHCI PCI platform driver
[   58.267982] ohci-platform: OHCI generic platform driver
[   58.369500] uhci_hcd: USB Universal Host Controller Interface driver
[   58.551615] i8042: PNP: PS/2 Controller [PNP0303:PS2K,PNP0f03:PS2M] at 0x60,0x64 irq 1,12
[   58.782325] serio: i8042 KBD port at 0x60,0x64 irq 1
[   58.930270] serio: i8042 AUX port at 0x60,0x64 irq 12
[   59.077414] mousedev: PS/2 mouse device common for all mice
[   59.244907] input: AT Translated Set 2 keyboard as /devices/platform/i8042/serio0/input/input2
[   59.481295] rtc_cmos rtc_cmos: rtc core: registered rtc_cmos as rtc0
[   59.669901] rtc_cmos rtc_cmos: alarms up to one day, 114 bytes nvram
[   59.846156] i2c /dev entries driver
[   60.149441] device-mapper: uevent: version 1.0.3
[   60.459658] device-mapper: ioctl: 4.34.0-ioctl (2015-10-28) initialised: dm-devel@redhat.com
[   60.697693] ledtrig-cpu: registered to indicate activity on CPUs
[   60.865935] NET: Registered protocol family 10
[   60.982378] NET: Registered protocol family 17
[   61.110960] Key type dns_resolver registered
[   61.238599] microcode: CPU0 sig=0x406e3, pf=0x2, revision=0x0
[   61.380782] microcode: CPU1 sig=0x406e3, pf=0x2, revision=0x0
[   61.421361] microcode: Microcode Update Driver: v2.01 <tigran@aivazian.fsnet.co.uk>, Peter Oruba
[   61.648059] registered taskstats version 1
[   61.778387] Loading compiled-in X.509 certificates
[   61.915518] Loaded X.509 cert 'Build time autogenerated kernel key: b1a6ea8776bed2812c00d8a799f968274ef48628'
[   62.200690] zswap: loaded using pool lzo/zbud
[   62.322754] Key type trusted registered
[   62.431602] Key type encrypted registered
[   62.548192] AppArmor: AppArmor sha1 policy hashing enabled
[   62.698345] ima: No TPM chip found, activating TPM-bypass!
[   62.834334] evm: HMAC attrs: 0x1
[   62.930642]   Magic number: 1:426:225
[   63.039463] rtc_cmos rtc_cmos: setting system clock to 2017-09-29 10:13:39 UTC (1506680019)
[   63.292002] BIOS EDD facility v0.16 2004-Jun-25, 0 devices found
[   63.462538] EDD information not available.
[   63.577695] Freeing unused kernel memory: 1492K
[   63.687965] Write protecting the kernel read-only data: 14336k
[   63.827447] Freeing unused kernel memory: 1748K
[   63.960750] Freeing unused kernel memory: 112K
Loading, please [   64.105821] random: systemd-udevd: uninitialized urandom read (16 bytes read, 9 bits of entropy available)
wait...
startin[   64.106768] random: udevadm: uninitialized urandom read (16 bytes read, 9 bits of entropy available)
g version 229
[   64.106801] random: udevadm: uninitialized urandom read (16 bytes read, 9 bits of entropy available)
[   64.106914] random: udevadm: uninitialized urandom read (16 bytes read, 9 bits of entropy available)
[   64.106952] random: udevadm: uninitialized urandom read (16 bytes read, 9 bits of entropy available)
[   64.106990] random: udevadm: uninitialized urandom read (16 bytes read, 9 bits of entropy available)
[   64.107028] random: udevadm: uninitialized urandom read (16 bytes read, 9 bits of entropy available)
[   64.107078] random: udevadm: uninitialized urandom read (16 bytes read, 9 bits of entropy available)
[   64.107120] random: udevadm: uninitialized urandom read (16 bytes read, 9 bits of entropy available)
[   64.107155] random: udevadm: uninitialized urandom read (16 bytes read, 9 bits of entropy available)
[   65.822126] e1000: Intel(R) PRO/1000 Network Driver - version 7.3.21-k8-NAPI
[   65.864949] e1000: Copyright (c) 1999-2006 Intel Corporation.
[   65.888427] AVX version of gcm_enc/dec engaged.
[   65.903386] Fusion MPT base driver 3.04.20
[   65.903386] Copyright (c) 1999-2008 LSI Corporation
[   67.199377] AES CTR mode by8 optimization enabled
[   67.671456] input: ImExPS/2 Generic Explorer Mouse as /devices/platform/i8042/serio1/input/input4
[   68.543621] Fusion MPT SPI Host driver 3.04.20
[   68.889715] e1000 0000:00:03.0 eth0: (PCI:33MHz:32-bit) 02:d2:3e:0e:ff:c0
[   69.297724] e1000 0000:00:03.0 eth0: Intel(R) PRO/1000 Network Connection
[   69.918516] floppy0: no floppy controllers found
[   69.919127] mptbase: ioc0: Initiating bringup
[   70.163501] e1000 0000:00:03.0 enp0s3: renamed from eth0
[   70.218125] ioc0: LSI53C1030 A0: Capabilities={Initiator}
[   70.534889] scsi host2: ioc0: LSI53C1030 A0, FwRev=00000000h, Ports=1, MaxQ=256, IRQ=20
[   70.871594] scsi 2:0:0:0: Direct-Access     VBOX     HARDDISK         1.0  PQ: 0 ANSI: 5
[   70.938070] scsi target2:0:0: Beginning Domain Validation
[   71.054059] scsi target2:0:0: Domain Validation skipping write tests
[   71.233463] scsi target2:0:0: Ending Domain Validation
[   71.369505] scsi target2:0:0: asynchronous
[   71.488244] scsi 2:0:1:0: Direct-Access     VBOX     HARDDISK         1.0  PQ: 0 ANSI: 5
[   71.720843] scsi target2:0:1: Beginning Domain Validation
[   71.885474] scsi target2:0:1: Domain Validation skipping write tests
[   72.081107] scsi target2:0:1: Ending Domain Validation
[   72.217197] scsi target2:0:1: asynchronous
[   72.333892] sd 2:0:0:0: Attached scsi generic sg0 type 0
[   72.455275] sd 2:0:1:0: Attached scsi generic sg1 type 0
[   72.455584] sd 2:0:0:0: [sda] 20971520 512-byte logical blocks: (10.7 GB/10.0 GiB)
[   72.809673] sd 2:0:1:0: [sdb] 20480 512-byte logical blocks: (10.5 MB/10.0 MiB)
[   73.269946] sd 2:0:0:0: [sda] Write Protect is off
[   73.570845] sd 2:0:0:0: [sda] Incomplete mode parameter data
[   73.570881] sd 2:0:1:0: [sdb] Write Protect is off
[   73.570975] sd 2:0:1:0: [sdb] Incomplete mode parameter data
[   73.570977] sd 2:0:1:0: [sdb] Assuming drive cache: write through
[   73.572246] sd 2:0:1:0: [sdb] Attached SCSI disk
[   75.059403] sd 2:0:0:0: [sda] Assuming drive cache: write through
[   75.500566]  sda: sda1
[   75.719994] sd 2:0:0:0: [sda] Attached SCSI disk
Begin: Loading e[   77.494831] md: linear personality registered for level -1
ssential drivers[   77.828714] md: multipath personality registered for level -4
 ... [   77.992706] md: raid0 personality registered for level 0
[   78.329718] md: raid1 personality registered for level 1
[   78.545897] raid6: sse2x1   gen()  7325 MB/s
[   78.737925] raid6: sse2x1   xor()  4605 MB/s
[   78.929922] raid6: sse2x2   gen()  7541 MB/s
[   79.125895] raid6: sse2x2   xor()  6266 MB/s
[   79.313895] raid6: sse2x4   gen() 10320 MB/s
[   79.505938] raid6: sse2x4   xor()  6791 MB/s
[   79.611567] raid6: using algorithm sse2x4 gen() 10320 MB/s
[   79.744100] raid6: .... xor() 6791 MB/s, rmw enabled
[   79.887494] raid6: using ssse3x2 recovery algorithm
[   80.010107] xor: automatically using best checksumming function:
[   80.618930]    avx       : 40244.000 MB/sec
[   81.050548] async_tx: api initialized (async)
[   81.065237] md: raid6 personality registered for level 6
[   81.205161] md: raid5 personality registered for level 5
[   81.359843] md: raid4 personality registered for level 4
[   81.514994] md: raid10 personality registered for level 10
done.
Begin: Running /scripts/init-pre[   81.695671] Btrfs loaded
mount ... done.
Begin: Mounting[   81.821427] EXT4-fs (sda1): mounted filesystem with ordered data mode. Opts: (null)
 root file system ... Begin: Running /scripts/local-top ... done.
Begin: Running /scripts/local-premount ... Scanning for Btrfs filesystems
done.
Warning: fsck not present, so skipping root file system
done.
Begin: Running /scripts/local-bottom ... done.
Begin: Running /scripts/init-bottom ... done.
[   82.563609] systemd[1]: systemd 229 running in system mode. (+PAM +AUDIT +SELINUX +IMA +APPARMOR +SMACK +SYSVINIT +UTMP +LIBCRYPTSETUP +GCRYPT +GNUTLS +ACL +XZ -LZ4 +SECCOMP +BLKID +ELFUTILS +KMOD -IDN)
[   83.017546] systemd[1]: Detected virtualization oracle.
[   83.173217] systemd[1]: Detected architecture x86-64.

Welcome to [1mUbuntu 16.04.3 LTS[0m!

[   83.326249] systemd[1]: Set hostname to <ubuntu>.
[   83.460732] systemd[1]: Initializing machine ID from random generator.
[   83.634262] systemd[1]: Installed transient /etc/machine-id file.
[   83.811158] random: nonblocking pool is initialized
[   84.030337] systemd[1]: Reached target Encrypted Volumes.
[[0;32m  OK  [0m] Reached target Encrypted Volumes.
[   84.210518] systemd[1]: Created slice User and Session Slice.
[[0;32m  OK  [0m] Created slice User and Session Slice.
[   84.430114] systemd[1]: Listening on Journal Socket.
[[0;32m  OK  [0m] Listening on Journal Socket.
[   84.617838] systemd[1]: Reached target Swap.
[[0;32m  OK  [0m] Reached target Swap.
[   84.790184] systemd[1]: Listening on LVM2 poll daemon socket.
[[0;32m  OK  [0m] Listening on LVM2 poll daemon socket.
[   85.006410] systemd[1]: Listening on Journal Audit Socket.
[[0;32m  OK  [0m] Listening on Journal Audit Socket.
[   85.214230] systemd[1]: Listening on Device-mapper event daemon FIFOs.
[[0;32m  OK  [0m] Listening on Device-mapper event daemon FIFOs.
[   85.466417] systemd[1]: Created slice System Slice.
[[0;32m  OK  [0m] Created slice System Slice.
[   85.654095] systemd[1]: Starting Remount Root and Kernel File Systems...
         [   85.805800] EXT4-fs (sda1): re-mounted. Opts: (null)
Starting Remount Root and Kernel File Systems...
[   85.986084] systemd[1]: Starting Uncomplicated firewall...
         Starting Uncomplicated firewall...
[   86.182124] systemd[1]: Mounting Debug File System...
         Mounting Debug File System...
[   86.350151] systemd[1]: Starting Load Kernel Modules...
         [   86.481328] Loading iSCSI transport class v2.0-870.
Starting Load Ke[   86.516687] iscsi: registered transport (tcp)
rnel Modules...[   86.926375] iscsi: registered transport (iser)

[   87.286167] systemd[1]: Mounting Huge Pages File System...
         Mounting Huge Pages File System...
[   87.486119] systemd[1]: Mounting POSIX Message Queue File System...
         Mounting POSIX Message Queue File System...
[   87.722132] systemd[1]: Starting Create list of required static device nodes for the current kernel...
         Starting Create list of required st... nodes for the current kernel...
[   88.038943] systemd[1]: Listening on LVM2 metadata daemon socket.
[[0;32m  OK  [0m] Listening on LVM2 metadata daemon socket.
[   88.302180] systemd[1]: Starting Nameserver information manager...
         Starting Nameserver information manager...
[   88.398233] systemd[1]: Started Forward Password Requests to Wall Directory Watch.
[[0;32m  OK  [0m] Started Forward Password Requests to Wall Directory Watch.
[   88.594053] systemd[1]: Reached target User and Group Name Lookups.
[[0;32m  OK  [0m] Reached target User and Group Name Lookups.
[   88.842469] systemd[1]: Created slice system-serial\x2dgetty.slice.
[[0;32m  OK  [0m] Created slice system-serial\x2dgetty.slice.
[   89.086110] systemd[1]: Listening on Syslog Socket.
[[0;32m  OK  [0m] Listening on Syslog Socket.
[   89.262255] systemd[1]: Set up automount Arbitrary Executable File Formats File System Automount Point.
[[0;32m  OK  [0m] Set up automount Arbitrary Executab...ats File System Automount Point.
[   89.610743] systemd[1]: Reached target Slices.
[[0;32m  OK  [0m] Reached target Slices.
[   89.778301] systemd[1]: Listening on udev Control Socket.
[[0;32m  OK  [0m] Listening on udev Control Socket.
[   90.006340] systemd[1]: Starting Set console keymap...
         Starting Set console keymap...
[   90.182129] systemd[1]: Started Trigger resolvconf update for networkd DNS.
[[0;32m  OK  [0m] Started Trigger resolvconf update for networkd DNS.
[   90.442126] systemd[1]: Listening on /dev/initctl Compatibility Named Pipe.
[[0;32m  OK  [0m] Listening on /dev/initctl Compatibility Named Pipe.
[   90.694142] systemd[1]: Listening on Journal Socket (/dev/log).
[[0;32m  OK  [0m] Listening on Journal Socket (/dev/log).
[   90.942086] systemd[1]: Starting Journal Service...
         Starting Journal Service...
[   91.154088] systemd[1]: Starting Monitoring of LVM2 mirrors, snapshots etc. using dmeventd or progress polling...
         Starting Monitoring of LVM2 mirrors... dmeventd or progress polling...
[   91.526203] systemd[1]: Listening on udev Kernel Socket.
[[0;32m  OK  [0m] Listening on udev Kernel Socket.
[   91.722698] systemd[1]: Mounted Debug File System.
[[0;32m  OK  [0m] Mounted Debug File System.
[   91.918254] systemd[1]: Mounted Huge Pages File System.
[[0;32m  OK  [0m] Mounted Huge Pages File System.
[   92.106264] systemd[1]: Mounted POSIX Message Queue File System.
[[0;32m  OK  [0m] Mounted POSIX Message Queue File System.
[   92.338234] systemd[1]: Started Journal Service.
[[0;32m  OK  [0m] Started Journal Service.
[[0;32m  OK  [0m] Started Remount Root and Kernel File Systems.
[[0;32m  OK  [0m] Started Uncomplicated firewall.
[[0;32m  OK  [0m] Started Load Kernel Modules.
[[0;32m  OK  [0m] Started Create list of required sta...ce nodes for the current kernel.
[[0;32m  OK  [0m] Started Set console keymap.
[[0;32m  OK  [0m] Started Nameserver information manager.
[[0;32m  OK  [0m] Started LVM2 metadata daemon.
         Starting Create Static Device Nodes in /dev...
         Mounting FUSE Control File System...
         Starting Apply Kernel Variables...
         Starting Load/Save Random Seed...
         Starting Initial cloud-init job (pre-networking)...
         Starting udev Coldplug all Devices...
         Starting Flush Journal to Persistent Storage...
[[0;32m  OK  [0m] Mounted FUSE Control File System.
[[0;32m  OK  [0m] Started Monitoring of LVM2 mirrors,...ng dmeventd or progress polling.
[[0;32m  OK  [0m] Started Create Static Device Nodes in /dev.
[[0;32m  OK  [0m] Started Apply Kernel Variables.
[[0;32m  OK  [0m] Started Load/Save Random Seed.
[[0;32m  OK  [0m] Started udev Coldplug all Devices.
[[0;32m  OK  [0m] Started Flush Journal to Persistent Storage.
         Starting udev Kernel Device Manager...
[[0;32m  OK  [0m] Started udev Kernel Device Manager.
[[0;32m  OK  [0m] Found device /dev/ttyS0.
[   61.859882] cloud-init[457]: Cloud-init v. 0.7.9 running 'init-local' at Fri, 29 Sep 2017 10:14:10 +0000. Up 61.51 seconds.
[[0;32m  OK  [0m] Reached target Local File Systems (Pre).
[[0;32m  OK  [0m] Reached target Local File Systems.
         Starting Commit a transient machine-id on disk...
         Starting Set console font and keymap...
         Starting Tell Plymouth To Write Out Runtime Data...
         Starting Create Volatile Files and Directories...
         Starting LSB: AppArmor initialization...
[[0;32m  OK  [0m] Started Dispatch Password Requests to Console Directory Watch.
[[0;32m  OK  [0m] Started Commit a transient machine-id on disk.
[[0;32m  OK  [0m] Started Set console font and keymap.
[[0;32m  OK  [0m] Started Tell Plymouth To Write Out Runtime Data.
[[0;32m  OK  [0m] Started Create Volatile Files and Directories.
[[0;32m  OK  [0m] Started Initial cloud-init job (pre-networking).
[[0;32m  OK  [0m] Listening on Load/Save RF Kill Switch Status /dev/rfkill Watch.
[[0;32m  OK  [0m] Reached target Network (Pre).
[[0;32m  OK  [0m] Reached target System Time Synchronized.
         Starting Update UTMP about System Boot/Shutdown...
[[0;32m  OK  [0m] Created slice system-getty.slice.
[[0;32m  OK  [0m] Started LSB: AppArmor initialization.
[[0;32m  OK  [0m] Started Update UTMP about System Boot/Shutdown.
         Starting Raise network interfaces...
[[0;32m  OK  [0m] Started Raise network interfaces.
         Starting Initial cloud-init job (metadata service crawler)...
[[0;32m  OK  [0m] Reached target Network.
[   66.117878] cloud-init[938]: Cloud-init v. 0.7.9 running 'init' at Fri, 29 Sep 2017 10:14:14 +0000. Up 65.36 seconds.
[   66.248440] cloud-init[938]: ci-info: +++++++++++++++++++++++++++++++++++++Net device info++++++++++++++++++++++++++++++++++++++
[   66.248640] cloud-init[938]: ci-info: +--------+------+----------------------------+---------------+-------+-------------------+
[[0;32m  OK  [0m] Started Initial cloud-init job (metadata service crawler).
[   66.248755] cloud-init[938]: ci-info: | Device |  Up  |          Address           |      Mask     | Scope |     Hw-Address    |
[   66.716854] cloud-init[938]: ci-info: +--------+------+----------------------------+---------------+-------+-------------------+
[   66.717269] cloud-init[938]: ci-info: |   lo   | True |         127.0.0.1          |   255.0.0.0   |   .   |         .         |
[[0;32m  OK  [0m] Reached target System Initialization.
[   66.717354] cloud-init[938]: ci-info: |   lo   | True |          ::1/128           |       .       |  host |         .         |
[   67.148523] cloud-init[938]: ci-info: | enp0s3 | True |         10.0.2.15          | 255.255.255.0 |   .   | 02:d2:3e:0e:ff:c0 |
[   67.148922] cloud-init[938]: ci-info: | enp0s3 | True | fe80::d2:3eff:fe0e:ffc0/64 |       .       |  link | 02:d2:3e:0e:ff:c0 |
         Starting LXD - unix socket.
[   67.149092] cloud-init[938]: ci-info: +--------+------+----------------------------+---------------+-------+-------------------+
[   67.544277] cloud-init[938]: ci-info: +++++++++++++++++++++++++++Route IPv4 info++++++++++++++++++++++++++++
[   67.544523] cloud-init[938]: ci-info: +-------+-------------+----------+---------------+-----------+-------+
[[0;32m  OK  [0m] Started Timer to automatically refresh installed snaps.
[   67.544625] cloud-init[938]: ci-info: | Route | Destination | Gateway  |    Genmask    | Interface | Flags |
[   67.935532] cloud-init[938]: ci-info: +-------+-------------+----------+---------------+-----------+-------+
[[0;32m  OK  [0m] Started ACPI Events Check.[   67.935804] 
cloud-init[938]: ci-info: |   0   |   0.0.0.0   | 10.0.2.2 |    0.0.0.0    |   enp0s3  |   UG  |
[   68.188345] cloud-init[938]: ci-info: |   1   |   10.0.2.0  | 0.0.0.0  | 255.255.255.0 |   enp0s3  |   U   |
[[0;32m  OK  [0m] Reached target Paths.
         Starting Socket activation for snappy daemon.
[   68.188725] cloud-init[938]: ci-info: +-------+-------------+----------+---------------+-----------+-------+
[   68.488415] cloud-init[938]: Generating public/private rsa key pair.
[   68.488615] cloud-init[938]: Your identification has been saved in /etc/ssh/ssh_host_rsa_key.
[[0;32m  OK  [0m] Listening on UUID daemon activation socket.
[[   68.488712] cloud-init[938]: Your public key has been saved in /etc/ssh/ssh_host_rsa_key.pub.
[   68.736685] cloud-init[938]: The key fingerprint is:
[0;32m  OK  [0m] Listening on ACPID Listen Socket.
[[   68.736778] cloud-init[938]: SHA256:xpfHSPPXTTiEGVE9RI80nzjnkSLwf2cL5JIuxQG2Gwg root@ubuntu-xenial
[   68.932635] cloud-init[938]: The key's randomart image is:
[0;32m  OK  [0m] Listening on D-Bus System Message Bus Socket.
[[   68.932714] cloud-init[938]: +---[RSA 2048]----+
[   69.144982] cloud-init[938]: |     E   +  o*B+ |
[0;32m  OK  [0m] Started Daily Cleanup of Temporary Directories.
[[   69.145108] cloud-init[938]: |      . o = oo.*=|
[   69.304953] cloud-init[938]: |       . oo+ =+==|
[0;32m  OK  [0m] Started Timer to automatically fetch and run repair assertions.
[   69.305065] cloud-init[938]: |       . .+*B =+o|
[   69.488666] cloud-init[938]: |        S.+=++.o=|
[[0;32m  OK  [0m] Reached target Cloud-config availability.
[[   69.488755] cloud-init[938]: |       . .o...o.o|
[   69.640812] cloud-init[938]: |         . .   . |
[0;32m  OK  [0m] Reached target Network is Online.
[[   69.640864] cloud-init[938]: |          .      |
[   69.796749] cloud-init[938]: |                 |
[0;32m  OK  [0m] Started Daily apt download activities.
[[   69.796825] cloud-init[938]: +----[SHA256]-----+
[   69.948937] cloud-init[938]: Generating public/private dsa key pair.
[0;32m  OK  [0m] Started Daily apt upgrade and clean activities.
[   69.948988] cloud-init[938]: Your identification has been saved in /etc/ssh/ssh_host_dsa_key.
[   70.138498] cloud-init[938]: Your public key has been saved in /etc/ssh/ssh_host_dsa_key.pub.
[[0;32m  OK  [0m] Reached target Timers.
[   70.138951] cloud-init[938]: The key fingerprint is:
[   70.428347] cloud-init[938]: SHA256:bbiore3nvjVaoJswrYNCZGin3UDgixBHHE/4FrS1y6Y root@ubuntu-xenial
[   70.428575] cloud-init[938]: The key's randomart image is:
         Starting iSCSI initiator daemon (iscsid)...
[[0;32m  OK  [0m] Listening on LXD - unix socket.
[[0;32m  OK  [0m[   70.428703] ] cloud-initListening on Socket activation for snappy daemon.[938]: 
+---[DSA 1024]----+
[   70.796397] cloud-init[938]: |.+=+o .          |
[   70.796734] cloud-init[938]: |.oo+.o .         |
[[0;32m  OK  [0m] Started iSCSI initiator daemon (iscsid).
[   70.796962] cloud-init[938]: |o...o..          |
[   71.000392] cloud-init[938]: |++.oo. . o       |
[   71.000686] cloud-init[938]: |=.+.o + S o      |
         Starting Login to default iSCSI targets...
[[   71.000894] cloud-init[938]: | o . = o +       |
[0;32m  OK  [0m] [   71.153496] Reached target Sockets.cloud-init
[938]: |.  .E + . +      |
[   71.304252] cloud-init[938]: |. . .B o.+ .     |
[   71.304513] cloud-init[938]: | .  ++*+=.       |
[[0;32m  OK  [0m] Reached target Basic System.
[   71.304672] cloud-init[938]: +----[SHA256]-----+
[   71.492035] cloud-init[938]: Generating public/private ecdsa key pair.
[   71.564306] cloud-init[938]: Your identification has been saved in /etc/ssh/ssh_host_ecdsa_key.
[   71.564560] cloud-init[938]: Your public key has been saved in /etc/ssh/ssh_host_ecdsa_key.pub.
[[0;32m  OK  [0m] Started FUSE filesystem for LXC.
[   71.564660] cloud-init[938]: The key fingerprint is:
[   71.852355] cloud-init[938]: SHA256:0srVwlO5XMmDmhxzBHICVf7/CfpEqwBNjdI2oddQpxA root@ubuntu-xenial
[   71.852592] cloud-init[938]: The key's randomart image is:
[[0;32m  OK  [0m] Started Deferred execution scheduler.
[   71.852694] cloud-init[938]: +---[ECDSA 256]---+
[   72.046179] cloud-init[938]: |    .o+.E+o .    |
[[0;32m  OK  [0m] Started Unattended Upgrades Shutdown.
[   72.046274] cloud-init[938]: |       B O * .   |
[   72.260251] cloud-init[938]: |      o @ O =    |
[   72.260448] cloud-init[938]: |       X % o .   |
[[0;32m  OK  [0m] Started ACPI event daemon.
[   72.260535] cloud-init[938]: |      o S = .    |
[   72.484377] cloud-init[938]: |     . = o o .   |
[   72.536295] cloud-init[938]: |      o .   =    |
[[0;32m  OK  [0m] Started D-Bus System Message Bus.
[   72.536781] cloud-init[938]: |         . + o . |
[   72.692260] cloud-init[938]: |          o.. o  |
         Starting LSB: Record successful boot for GRUB...
[   72.692644] cloud-init[938]: +----[SHA256]-----+
[   72.848347] cloud-init[938]: Generating public/private ed25519 key pair.
[   72.848584] cloud-init[938]: Your identification has been saved in /etc/ssh/ssh_host_ed25519_key.
         Starting LSB: MD monitoring daemon...
[   72.848674] cloud-init[938]: Your public key has been saved in /etc/ssh/ssh_host_ed25519_key.pub.
[   73.106122] cloud-init[938]: The key fingerprint is:
[   73.132341] cloud-init[938]: SHA256:J1HfUh0JA9AGaCx77BpOkEmJSWO6We5MJurPL135RS0 root@ubuntu-xenial
[   73.212263] cloud-init[938]: The key's randomart image is:
[   73.212495] cloud-init[938]: +--[ED25519 256]--+
[[0;32m  OK  [0m] Started Regular background program processing daemon.
[   73.212601] cloud-init[938]: |.+o . . .o=..oooo|
         Starting Accounts Service...
[   73.438867] cloud-init[938]: |oo.o . + . + o...|
[   73.536325] cloud-init[938]: |. o o = . . + .  |
         Starting /etc/rc.local Compatibility...
[   73.606904] cloud-init[938]: | = + . o . E o   |
         Starting Snappy daemon...
[   73.757007] cloud-init[938]: |+ + . o S o .    |
         Starting System Logging Service...
[   73.877982] cloud-init[938]: |.*   o + o .     |
         Starting LXD - container startup/shutdown...
[   73.982026] cloud-init[938]: |. o + + . .      |
[   73.995937] cloud-init[938]: |. .. +   .       |
         Starting Pollinate to seed the pseudo random number generator...
[   74.032705] cloud-init[938]: | ..oo.           |
[   74.140397] cloud-init[938]: +----[SHA256]-----+
         Starting Login Service...
         Starting Apply the settings specified in cloud-config...
[[0;32m  OK  [0m] Started Snappy daemon.
[[0;32m  OK  [0m] Started System Logging Service.
[[0;32m  OK  [0m] Started /etc/rc.local Compatibility.
[[0;32m  OK  [0m] Started LXD - container startup/shutdown.
[[0;32m  OK  [0m] Started Pollinate to seed the pseudo random number generator.
[   74.762468] cloud-init[1130]: Generating locales (this might take a while)...
[[0;32m  OK  [0m] Started Login to default iSCSI targets.
[[0;32m  OK  [0m] Started LSB: Record successful boot for GRUB.
[[0;32m  OK  [0m] Started LSB: MD monitoring daemon.
         Starting Authenticate and Authorize Users to Run Privileged Tasks...
[[0;32m  OK  [0m] Reached target Remote File Systems (Pre).
[[0;32m  OK  [0m] Reached target Remote File Systems.
         Starting LSB: automatic crash report generation...
[   75.697884] cloud-init[1130]:   en_US.UTF-8... done
         [   75.772515] Starting LSB: VirtualBox Linux Additions...cloud-init
[1130]: Generation complete.
         Starting Permit User Sessions...
         Starting LSB: Set the CPU Frequency Scaling governor to "ondemand"...
         Starting LSB: daemon to balance interrupts for SMP systems...
         Starting OpenBSD Secure Shell server...
         Starting Auto import assertions from block devices...
[[0;32m  OK  [0m] Started OpenBSD Secure Shell server.
[[0;32m  OK  [0m] Started Permit User Sessions.
[[0;32m  OK  [0m] Started Auto import assertions from block devices.
[[0;32m  OK  [0m] Started Login Service.
[[0;32m  OK  [0m] Started Authenticate and Authorize Users to Run Privileged Tasks.
[[0;32m  OK  [0m] Started Accounts Service.
[[0;32m  OK  [0m] Started LSB: Set the CPU Frequency Scaling governor to "ondemand".
[[0;32m  OK  [0m] Started LSB: automatic crash report generation.
[[0;32m  OK  [0m] Started LSB: VirtualBox Linux Additions.
[[0;32m  OK  [0m] Started LSB: daemon to balance interrupts for SMP systems.
         Stopping OpenBSD Secure Shell server...
[[0;32m  OK  [0m] Created slice User Slice of ubuntu.
[[0;32m  OK  [0m] Started Session 1 of user ubuntu.
         Starting User Manager for UID 1000...
         Starting Terminate Plymouth Boot Screen...
         Starting Hold until boot process finishes up...
[[0;32m  OK  [0m] Started User Manager for UID 1000.
[[0;32m  OK  [0m] Stopped OpenBSD Secure Shell server.
[[0;32m  OK  [0m] Started Terminate Plymouth Boot Screen.
[[0;32m  OK  [0m] Started Hold until boot process finishes up.
[[0;32m  OK  [0m] Started Serial Getty on ttyS0.
[[0;32m  OK  [0m] Started Getty on tty1.
[[0;32m  OK  [0m] Reached target Login Prompts.
         Starting Set console scheme...
         Starting OpenBSD Secure Shell server...
[[0;32m  OK  [0m] Started OpenBSD Secure Shell server.
[[0;32m  OK  [0m] Started Set console scheme.
[[0;32m  OK  [0m] Reached target Multi-User System.
[[0;32m  OK  [0m] Reached target Graphical Interface.
         Starting Update UTMP about System Runlevel Changes...
[   78.103191] cloud-init[1130]: Cloud-init v. 0.7.9 running 'modules:config' at Fri, 29 Sep 2017 10:14:23 +0000. Up 74.60 seconds.
[[0;32m  OK  [0m] Started Update UTMP about System Runlevel Changes.
[[0;32m  OK  [0m] Started Apply the settings specified in cloud-config.
         Starting Execute cloud user/final scripts...
ci-info: no authorized ssh keys fingerprints found for user ubuntu.
<14>Sep 29 10:14:27 ec2: 
<14>Sep 29 10:14:27 ec2: #############################################################
<14>Sep 29 10:14:27 ec2: -----BEGIN SSH HOST KEY FINGERPRINTS-----
<14>Sep 29 10:14:27 ec2: 1024 SHA256:bbiore3nvjVaoJswrYNCZGin3UDgixBHHE/4FrS1y6Y root@ubuntu-xenial (DSA)
<14>Sep 29 10:14:27 ec2: 256 SHA256:0srVwlO5XMmDmhxzBHICVf7/CfpEqwBNjdI2oddQpxA root@ubuntu-xenial (ECDSA)
<14>Sep 29 10:14:27 ec2: 256 SHA256:J1HfUh0JA9AGaCx77BpOkEmJSWO6We5MJurPL135RS0 root@ubuntu-xenial (ED25519)
<14>Sep 29 10:14:27 ec2: 2048 SHA256:xpfHSPPXTTiEGVE9RI80nzjnkSLwf2cL5JIuxQG2Gwg root@ubuntu-xenial (RSA)
<14>Sep 29 10:14:27 ec2: -----END SSH HOST KEY FINGERPRINTS-----
<14>Sep 29 10:14:27 ec2: #############################################################
-----BEGIN SSH HOST KEY KEYS-----
ecdsa-sha2-nistp256 AAAAE2VjZHNhLXNoYTItbmlzdHAyNTYAAAAIbmlzdHAyNTYAAABBBIiZWzB1UA2NvpvKC7z/UwKfnQmIeXYK4qYmaZ0rO90d67LrT77ci8VDZf6oQ/dewRo1QTNdb+KFsAeTFHp7utM= root@ubuntu-xenial
ssh-ed25519 AAAAC3NzaC1lZDI1NTE5AAAAIJqgsItiOHlqRiOETld7G0nm/BartlUbajKloYvegwit root@ubuntu-xenial
ssh-rsa AAAAB3NzaC1yc2EAAAADAQABAAABAQDslozG8At1IuUSv+cSlq2B4UrDTWRyxw8KhnVASj/LIZg6tlck4EzrCV+pKj/+NRnN1r1qJAbgczZpROBEZ5DPYJdZ34N78LoDeFIKX8pMj05xq7GwcMn2N210NzE3Esd9xbY11Cxt9MVvn9po5mLKHyEzxVMc+2V6qKQJU10k4XdmvQWvqW7U//AvRoQl34uC5Lcg2Au4Vbt9S9pP+odKxBjCE/XhZtuxpnWhyZctMuUbcOSRT/H++e7/2rgdpqCyejJ7/mTpRCbKwAxKuBVyyI9kQ/8horgB2w+hSgyEJO2vsM487FwUCgh+oewVuyLpn+ll04+wbRFXk/t+WUlD root@ubuntu-xenial
-----END SSH HOST KEY KEYS-----
[   80.520123] cloud-init[1367]: Cloud-init v. 0.7.9 running 'modules:final' at Fri, 29 Sep 2017 10:14:27 +0000. Up 78.87 seconds.
[   80.696509] cloud-init[1367]: ci-info: no authorized ssh keys fingerprints found for user ubuntu.
[[0;32m  OK  [0m] Started Execute cloud user/final scripts.
[   80.696731] cloud-init[1367]: Cloud-init v. 0.7.9 finished at Fri, 29 Sep 2017 10:14:29 +0000. Datasource DataSourceNoCloud [seed=/dev/sdb][dsmode=net].  Up 80.51 seconds
[[0;32m  OK  [0m] Reached target Cloud-init target.

Ubuntu 16.04.3 LTS ubuntu-xenial ttyS0

ubuntu-xenial login: 